<?xml version="1.0" ?>
<!DOCTYPE coverage SYSTEM "http://cobertura.sourceforge.net/xml/coverage-04.dtd">
<coverage lines-valid="15" lines-covered="6" line-rate="0.4" branches-valid="6" branches-covered="6" branch-rate="1" timestamp="1749720364744" complexity="0" version="0.1">
  <sources>
    <source>/Users/canqpham/Documents/sources/test_coverage</source>
  </sources>
  <packages>
    <package name="app" line-rate="0" branch-rate="1">
      <classes>
        <class name="layout.tsx" filename="src/app/layout.tsx" line-rate="0" branch-rate="1">
          <methods>
            <method name="RootLayout" hits="0" signature="()V">
              <lines>
                <line number="20" hits="0"/>
              </lines>
            </method>
          </methods>
          <lines>
            <line number="2" hits="0" branch="false"/>
            <line number="3" hits="0" branch="false"/>
            <line number="5" hits="0" branch="false"/>
            <line number="10" hits="0" branch="false"/>
            <line number="15" hits="0" branch="false"/>
            <line number="20" hits="0" branch="false"/>
          </lines>
        </class>
        <class name="page.tsx" filename="src/app/page.tsx" line-rate="0" branch-rate="1">
          <methods>
            <method name="Home" hits="0" signature="()V">
              <lines>
                <line number="3" hits="0"/>
              </lines>
            </method>
          </methods>
          <lines>
            <line number="1" hits="0" branch="false"/>
            <line number="3" hits="0" branch="false"/>
          </lines>
        </class>
      </classes>
    </package>
    <package name="components" line-rate="0.8571" branch-rate="1">
      <classes>
        <class name="Button.tsx" filename="src/components/Button.tsx" line-rate="0.8571" branch-rate="1">
          <methods>
            <method name="Button" hits="8" signature="()V">
              <lines>
                <line number="22" hits="8"/>
              </lines>
            </method>
          </methods>
          <lines>
            <line number="8" hits="1" branch="false"/>
            <line number="22" hits="0" branch="false"/>
            <line number="32" hits="8" branch="false"/>
            <line number="35" hits="8" branch="false"/>
            <line number="47" hits="8" branch="false"/>
            <line number="50" hits="8" branch="false"/>
            <line number="69" hits="8" branch="false"/>
          </lines>
        </class>
      </classes>
    </package>
  </packages>
</coverage>
