TN:
SF:src/app/layout.tsx
FN:20,RootLayout
FNF:1
FNH:0
FNDA:0,RootLayout
DA:2,0
DA:3,0
DA:5,0
DA:10,0
DA:15,0
DA:20,0
LF:6
LH:0
BRF:0
BRH:0
end_of_record
TN:
SF:src/app/page.tsx
FN:3,Home
FNF:1
FNH:0
FNDA:0,Home
DA:1,0
DA:3,0
LF:2
LH:0
BRF:0
BRH:0
end_of_record
TN:
SF:src/components/Button.tsx
FN:22,Button
FNF:1
FNH:1
FNDA:8,Button
DA:8,1
DA:22,0
DA:32,8
DA:35,8
DA:47,8
DA:50,8
DA:69,8
LF:7
LH:6
BRDA:25,0,0,6
BRDA:26,1,0,7
BRDA:27,2,0,7
BRDA:28,3,0,7
BRDA:53,4,0,2
BRDA:53,4,1,6
BRF:6
BRH:6
end_of_record
